2023-05-15 00:00:46 [background-preinit] INFO  o.h.v.i.u.Version                                  - HV000001: Hibernate Validator 6.2.0.Final 
2023-05-15 00:00:46 [restartedMain] INFO  c.v.HelloWorldApplication                          - Starting HelloWorldApplication using Java 11.0.16.1 on Sea with PID 8240 (D:\Lesson 10_ResourceAAAAAAA\Lesson 10_Resource\3. Log4j\2. Example 2\HelloWorld\target\classes started by PC in D:\Lesson 10_ResourceAAAAAAA\Lesson 10_Resource\3. Log4j\2. Example 2\HelloWorld) 
2023-05-15 00:00:46 [restartedMain] INFO  c.v.HelloWorldApplication                          - No active profile set, falling back to default profiles: default 
2023-05-15 00:00:47 [restartedMain] INFO  o.s.b.d.e.DevToolsPropertyDefaultsPostProcessor    - Devtools property defaults active! Set 'spring.devtools.add-properties' to 'false' to disable 
2023-05-15 00:00:47 [restartedMain] INFO  o.s.b.d.e.DevToolsPropertyDefaultsPostProcessor    - For additional web related logging consider setting the 'logging.level.web' property to 'DEBUG' 
2023-05-15 00:00:47 [restartedMain] INFO  o.s.d.r.c.RepositoryConfigurationDelegate          - Bootstrapping Spring Data JPA repositories in DEFAULT mode. 
2023-05-15 00:00:47 [restartedMain] INFO  o.s.d.r.c.RepositoryConfigurationDelegate          - Finished Spring Data repository scanning in 40 ms. Found 2 JPA repository interfaces. 
2023-05-15 00:00:48 [restartedMain] INFO  o.s.b.w.e.t.TomcatWebServer                        - Tomcat initialized with port(s): 8080 (http) 
2023-05-15 00:00:48 [restartedMain] INFO  o.a.c.h.Http11NioProtocol                          - Initializing ProtocolHandler ["http-nio-8080"] 
2023-05-15 00:00:48 [restartedMain] INFO  o.a.c.c.StandardService                            - Starting service [Tomcat] 
2023-05-15 00:00:48 [restartedMain] INFO  o.a.c.c.StandardEngine                             - Starting Servlet engine: [Apache Tomcat/9.0.55] 
2023-05-15 00:00:48 [restartedMain] INFO  o.a.c.c.C.[.[.[/]                                  - Initializing Spring embedded WebApplicationContext 
2023-05-15 00:00:48 [restartedMain] INFO  o.s.b.w.s.c.ServletWebServerApplicationContext     - Root WebApplicationContext: initialization completed in 1374 ms 
2023-05-15 00:00:48 [restartedMain] INFO  c.z.h.HikariDataSource                             - HikariPool-1 - Starting... 
2023-05-15 00:00:48 [restartedMain] INFO  c.z.h.HikariDataSource                             - HikariPool-1 - Start completed. 
2023-05-15 00:00:48 [restartedMain] INFO  o.h.j.i.u.LogHelper                                - HHH000204: Processing PersistenceUnitInfo [name: default] 
2023-05-15 00:00:48 [restartedMain] INFO  o.h.Version                                        - HHH000412: Hibernate ORM core version 5.6.1.Final 
2023-05-15 00:00:48 [restartedMain] INFO  o.h.a.c.Version                                    - HCANN000001: Hibernate Commons Annotations {5.1.2.Final} 
2023-05-15 00:00:49 [restartedMain] INFO  o.h.d.Dialect                                      - HHH000400: Using dialect: org.hibernate.dialect.MySQL8Dialect 
2023-05-15 00:00:49 [restartedMain] INFO  o.h.e.t.j.p.i.JtaPlatformInitiator                 - HHH000490: Using JtaPlatform implementation: [org.hibernate.engine.transaction.jta.platform.internal.NoJtaPlatform] 
2023-05-15 00:00:49 [restartedMain] INFO  o.s.o.j.LocalContainerEntityManagerFactoryBean     - Initialized JPA EntityManagerFactory for persistence unit 'default' 
2023-05-15 00:00:49 [restartedMain] WARN  o.s.b.a.o.j.JpaBaseConfiguration$JpaWebConfiguration - spring.jpa.open-in-view is enabled by default. Therefore, database queries may be performed during view rendering. Explicitly configure spring.jpa.open-in-view to disable this warning 
2023-05-15 00:00:50 [restartedMain] INFO  o.s.s.w.DefaultSecurityFilterChain                 - Will secure any request with [org.springframework.security.web.context.request.async.WebAsyncManagerIntegrationFilter@46cf56ef, org.springframework.security.web.context.SecurityContextPersistenceFilter@6ce86945, org.springframework.security.web.header.HeaderWriterFilter@3a30cde8, org.springframework.web.filter.CorsFilter@7e219ec9, org.springframework.security.web.authentication.logout.LogoutFilter@51fec70b, org.springframework.security.web.authentication.www.BasicAuthenticationFilter@73a3900a, org.springframework.security.web.savedrequest.RequestCacheAwareFilter@66f66fdc, org.springframework.security.web.servletapi.SecurityContextHolderAwareRequestFilter@2603725c, org.springframework.security.web.authentication.AnonymousAuthenticationFilter@4dded139, org.springframework.security.web.session.SessionManagementFilter@46e12723, org.springframework.security.web.access.ExceptionTranslationFilter@1d25ba3c, org.springframework.security.web.access.intercept.FilterSecurityInterceptor@24988621] 
2023-05-15 00:00:50 [restartedMain] INFO  o.s.b.d.a.OptionalLiveReloadServer                 - LiveReload server is running on port 35729 
2023-05-15 00:00:50 [restartedMain] INFO  o.a.c.h.Http11NioProtocol                          - Starting ProtocolHandler ["http-nio-8080"] 
2023-05-15 00:00:50 [restartedMain] INFO  o.s.b.w.e.t.TomcatWebServer                        - Tomcat started on port(s): 8080 (http) with context path '' 
2023-05-15 00:00:50 [restartedMain] INFO  c.v.HelloWorldApplication                          - Started HelloWorldApplication in 4.183 seconds (JVM running for 5.2) 
2023-05-15 00:01:03 [RMI TCP Connection(8)-127.0.0.1] INFO  o.s.b.a.SpringApplicationAdminMXBeanRegistrar$SpringApplicationAdmin - Application shutdown requested. 
2023-05-15 00:01:03 [RMI TCP Connection(8)-127.0.0.1] INFO  o.s.o.j.LocalContainerEntityManagerFactoryBean     - Closing JPA EntityManagerFactory for persistence unit 'default' 
2023-05-15 00:01:03 [RMI TCP Connection(8)-127.0.0.1] INFO  c.z.h.HikariDataSource                             - HikariPool-1 - Shutdown initiated... 
2023-05-15 00:01:03 [RMI TCP Connection(8)-127.0.0.1] INFO  c.z.h.HikariDataSource                             - HikariPool-1 - Shutdown completed. 
